<html>
<head>
<title>TestNG:  ChromeTest</title>
<link href="../testng.css" rel="stylesheet" type="text/css" />
<link href="../my-testng.css" rel="stylesheet" type="text/css" />

<style type="text/css">
.log { display: none;} 
.stack-trace { display: none;} 
</style>
<script type="text/javascript">
<!--
function flip(e) {
  current = e.style.display;
  if (current == 'block') {
    e.style.display = 'none';
    return 0;
  }
  else {
    e.style.display = 'block';
    return 1;
  }
}

function toggleBox(szDivId, elem, msg1, msg2)
{
  var res = -1;  if (document.getElementById) {
    res = flip(document.getElementById(szDivId));
  }
  else if (document.all) {
    // this is the way old msie versions work
    res = flip(document.all[szDivId]);
  }
  if(elem) {
    if(res == 0) elem.innerHTML = msg1; else elem.innerHTML = msg2;
  }

}

function toggleAllBoxes() {
  if (document.getElementsByTagName) {
    d = document.getElementsByTagName('div');
    for (i = 0; i < d.length; i++) {
      if (d[i].className == 'log') {
        flip(d[i]);
      }
    }
  }
}

// -->
</script>

</head>
<body>
<h2 align='center'>ChromeTest</h2><table border='1' align="center">
<tr>
<td>Tests passed/Failed/Skipped:</td><td>0/0/2</td>
</tr><tr>
<td>Started on:</td><td>Tue Oct 24 17:19:54 IST 2023</td>
</tr>
<tr><td>Total time:</td><td>11 seconds (11233 ms)</td>
</tr><tr>
<td>Included groups:</td><td></td>
</tr><tr>
<td>Excluded groups:</td><td></td>
</tr>
</table><p/>
<small><i>(Hover the method name to see the test class name)</i></small><p/>
<table width='100%' border='1' class='invocation-failed'>
<tr><td colspan='4' align='center'><b>FAILED CONFIGURATIONS</b></td></tr>
<tr><td><b>Test method</b></td>
<td><b>Attribute(s)</b></td>
<td width="30%"><b>Exception</b></td>
<td width="10%"><b>Time (seconds)</b></td>
<td><b>Instance</b></td>
</tr>
<tr>
<td title='testScripts.LoginPageTest.openBrowser()'><b>openBrowser</b><br>Test class: testScripts.LoginPageTest</td>
<td><div><pre>org.openqa.selenium.SessionNotCreatedException: session not created: This version of Microsoft Edge WebDriver only supports Microsoft Edge version 104
Current browser version is 118.0.2088.61 with binary path C:\Program Files (x86)\Microsoft\Edge\Application\msedge.exe
Build info: version: &apos;3.141.59&apos;, revision: &apos;e82be7d358&apos;, time: &apos;2018-11-14T08:17:03&apos;
System info: host: &apos;DREAMRIDER&apos;, ip: &apos;192.168.43.220&apos;, os.name: &apos;Windows 11&apos;, os.arch: &apos;amd64&apos;, os.version: &apos;10.0&apos;, java.version: &apos;18.0.1.1&apos;
Driver info: driver.version: EdgeDriver
remote stacktrace: Backtrace:
	Microsoft::Applications::Events::EventProperties::unpack [0x00007FF6EF1447D2+26370]
	Microsoft::Applications::Events::GUID_t::GUID_t [0x00007FF6EF099B32+339106]
	Ordinal0 [0x00007FF6EEC27821+620577]
	Ordinal0 [0x00007FF6EEC53B19+801561]
	Ordinal0 [0x00007FF6EEC4F6F0+784112]
	Ordinal0 [0x00007FF6EEC4A8E8+764136]
	Ordinal0 [0x00007FF6EEC84B4F+1002319]
	Ordinal0 [0x00007FF6EEC7F263+979555]
	Ordinal0 [0x00007FF6EEC56070+811120]
	Ordinal0 [0x00007FF6EEC57668+816744]
	Microsoft::Applications::Events::EventProperty::EventProperty [0x00007FF6EEEF2FF8+128088]
	Microsoft::Applications::Events::EventProperty::EventProperty [0x00007FF6EEEDC94B+36267]
	Microsoft::Applications::Events::EventProperty::EventProperty [0x00007FF6EEEDF96C+48588]
	Microsoft::Applications::Events::EventProperty::to_string [0x00007FF6EED34943+22115]
	Microsoft::Applications::Events::GUID_t::GUID_t [0x00007FF6EF0A115B+369355]
	Microsoft::Applications::Events::GUID_t::GUID_t [0x00007FF6EF0A5FF4+389476]
	Microsoft::Applications::Events::GUID_t::GUID_t [0x00007FF6EF0A614D+389821]
	Microsoft::Applications::Events::time_ticks_t::time_ticks_t [0x00007FF6EF0B0BD9+40761]
	BaseThreadInitThunk [0x00007FFE63DD257D+29]
	RtlUserThreadStart [0x00007FFE6524AA78+40]

	at org.openqa.selenium.remote.W3CHandshakeResponse.lambda$errorHandler$0(W3CHandshakeResponse.java:62)
	at org.openqa.selenium.remote.HandshakeResponse.lambda$getResponseFunction$0(HandshakeResponse.java:30)
	at org.openqa.selenium.remote.ProtocolHandshake.lambda$createSession$0(ProtocolHandshake.java:126)
	at java.base/java.util.stream.ReferencePipeline$3$1.accept(ReferencePipeline.java:197)
	at java.base/java.util.Spliterators$ArraySpliterator.tryAdvance(Spliterators.java:1002)
	at java.base/java.util.stream.ReferencePipeline.forEachWithCancel(ReferencePipeline.java:129)
	at java.base/java.util.stream.AbstractPipeline.copyIntoWithCancel(AbstractPipeline.java:527)
	at java.base/java.util.stream.AbstractPipeline.copyInto(AbstractPipeline.java:513)
	at java.base/java.util.stream.AbstractPipeline.wrapAndCopyInto(AbstractPipeline.java:499)
	at java.base/java.util.stream.FindOps$FindOp.evaluateSequential(FindOps.java:150)
	at java.base/java.util.stream.AbstractPipeline.evaluate(AbstractPipeline.java:234)
	at java.base/java.util.stream.ReferencePipeline.findFirst(ReferencePipeline.java:647)
	at org.openqa.selenium.remote.ProtocolHandshake.createSession(ProtocolHandshake.java:128)
	at org.openqa.selenium.remote.ProtocolHandshake.createSession(ProtocolHandshake.java:74)
	at org.openqa.selenium.remote.HttpCommandExecutor.execute(HttpCommandExecutor.java:136)
	at org.openqa.selenium.remote.service.DriverCommandExecutor.execute(DriverCommandExecutor.java:83)
	at org.openqa.selenium.remote.RemoteWebDriver.execute(RemoteWebDriver.java:552)
	at org.openqa.selenium.remote.RemoteWebDriver.startSession(RemoteWebDriver.java:213)
	at org.openqa.selenium.remote.RemoteWebDriver.&lt;init&gt;(RemoteWebDriver.java:131)
	at org.openqa.selenium.edge.EdgeDriver.&lt;init&gt;(EdgeDriver.java:141)
	at org.openqa.selenium.edge.EdgeDriver.&lt;init&gt;(EdgeDriver.java:96)
	at setup.BaseClass.openEdgeBrowser(BaseClass.java:33)
	at testScripts.LoginPageTest.openBrowser(LoginPageTest.java:59)
... Removed 25 stack frames</pre></div><a href='#' onClick='toggleBox("stack-trace936292831", this, "Click to show all stack frames", "Click to hide stack frames")'>Click to show all stack frames</a>
<div class='stack-trace' id='stack-trace936292831'><pre>org.openqa.selenium.SessionNotCreatedException: session not created: This version of Microsoft Edge WebDriver only supports Microsoft Edge version 104
Current browser version is 118.0.2088.61 with binary path C:\Program Files (x86)\Microsoft\Edge\Application\msedge.exe
Build info: version: &apos;3.141.59&apos;, revision: &apos;e82be7d358&apos;, time: &apos;2018-11-14T08:17:03&apos;
System info: host: &apos;DREAMRIDER&apos;, ip: &apos;192.168.43.220&apos;, os.name: &apos;Windows 11&apos;, os.arch: &apos;amd64&apos;, os.version: &apos;10.0&apos;, java.version: &apos;18.0.1.1&apos;
Driver info: driver.version: EdgeDriver
remote stacktrace: Backtrace:
	Microsoft::Applications::Events::EventProperties::unpack [0x00007FF6EF1447D2+26370]
	Microsoft::Applications::Events::GUID_t::GUID_t [0x00007FF6EF099B32+339106]
	Ordinal0 [0x00007FF6EEC27821+620577]
	Ordinal0 [0x00007FF6EEC53B19+801561]
	Ordinal0 [0x00007FF6EEC4F6F0+784112]
	Ordinal0 [0x00007FF6EEC4A8E8+764136]
	Ordinal0 [0x00007FF6EEC84B4F+1002319]
	Ordinal0 [0x00007FF6EEC7F263+979555]
	Ordinal0 [0x00007FF6EEC56070+811120]
	Ordinal0 [0x00007FF6EEC57668+816744]
	Microsoft::Applications::Events::EventProperty::EventProperty [0x00007FF6EEEF2FF8+128088]
	Microsoft::Applications::Events::EventProperty::EventProperty [0x00007FF6EEEDC94B+36267]
	Microsoft::Applications::Events::EventProperty::EventProperty [0x00007FF6EEEDF96C+48588]
	Microsoft::Applications::Events::EventProperty::to_string [0x00007FF6EED34943+22115]
	Microsoft::Applications::Events::GUID_t::GUID_t [0x00007FF6EF0A115B+369355]
	Microsoft::Applications::Events::GUID_t::GUID_t [0x00007FF6EF0A5FF4+389476]
	Microsoft::Applications::Events::GUID_t::GUID_t [0x00007FF6EF0A614D+389821]
	Microsoft::Applications::Events::time_ticks_t::time_ticks_t [0x00007FF6EF0B0BD9+40761]
	BaseThreadInitThunk [0x00007FFE63DD257D+29]
	RtlUserThreadStart [0x00007FFE6524AA78+40]

	at java.base/jdk.internal.reflect.DirectConstructorHandleAccessor.newInstance(DirectConstructorHandleAccessor.java:67)
	at java.base/java.lang.reflect.Constructor.newInstanceWithCaller(Constructor.java:499)
	at java.base/java.lang.reflect.Constructor.newInstance(Constructor.java:483)
	at org.openqa.selenium.remote.W3CHandshakeResponse.lambda$errorHandler$0(W3CHandshakeResponse.java:62)
	at org.openqa.selenium.remote.HandshakeResponse.lambda$getResponseFunction$0(HandshakeResponse.java:30)
	at org.openqa.selenium.remote.ProtocolHandshake.lambda$createSession$0(ProtocolHandshake.java:126)
	at java.base/java.util.stream.ReferencePipeline$3$1.accept(ReferencePipeline.java:197)
	at java.base/java.util.Spliterators$ArraySpliterator.tryAdvance(Spliterators.java:1002)
	at java.base/java.util.stream.ReferencePipeline.forEachWithCancel(ReferencePipeline.java:129)
	at java.base/java.util.stream.AbstractPipeline.copyIntoWithCancel(AbstractPipeline.java:527)
	at java.base/java.util.stream.AbstractPipeline.copyInto(AbstractPipeline.java:513)
	at java.base/java.util.stream.AbstractPipeline.wrapAndCopyInto(AbstractPipeline.java:499)
	at java.base/java.util.stream.FindOps$FindOp.evaluateSequential(FindOps.java:150)
	at java.base/java.util.stream.AbstractPipeline.evaluate(AbstractPipeline.java:234)
	at java.base/java.util.stream.ReferencePipeline.findFirst(ReferencePipeline.java:647)
	at org.openqa.selenium.remote.ProtocolHandshake.createSession(ProtocolHandshake.java:128)
	at org.openqa.selenium.remote.ProtocolHandshake.createSession(ProtocolHandshake.java:74)
	at org.openqa.selenium.remote.HttpCommandExecutor.execute(HttpCommandExecutor.java:136)
	at org.openqa.selenium.remote.service.DriverCommandExecutor.execute(DriverCommandExecutor.java:83)
	at org.openqa.selenium.remote.RemoteWebDriver.execute(RemoteWebDriver.java:552)
	at org.openqa.selenium.remote.RemoteWebDriver.startSession(RemoteWebDriver.java:213)
	at org.openqa.selenium.remote.RemoteWebDriver.&lt;init&gt;(RemoteWebDriver.java:131)
	at org.openqa.selenium.edge.EdgeDriver.&lt;init&gt;(EdgeDriver.java:141)
	at org.openqa.selenium.edge.EdgeDriver.&lt;init&gt;(EdgeDriver.java:96)
	at setup.BaseClass.openEdgeBrowser(BaseClass.java:33)
	at testScripts.LoginPageTest.openBrowser(LoginPageTest.java:59)
	at java.base/jdk.internal.reflect.DirectMethodHandleAccessor.invoke(DirectMethodHandleAccessor.java:104)
	at java.base/java.lang.reflect.Method.invoke(Method.java:577)
	at org.testng.internal.invokers.MethodInvocationHelper.invokeMethod(MethodInvocationHelper.java:139)
	at org.testng.internal.invokers.MethodInvocationHelper.invokeMethodConsideringTimeout(MethodInvocationHelper.java:69)
	at org.testng.internal.invokers.ConfigInvoker.invokeConfigurationMethod(ConfigInvoker.java:361)
	at org.testng.internal.invokers.ConfigInvoker.invokeConfigurations(ConfigInvoker.java:296)
	at org.testng.TestRunner.invokeTestConfigurations(TestRunner.java:643)
	at org.testng.TestRunner.beforeRun(TestRunner.java:632)
	at org.testng.TestRunner.run(TestRunner.java:594)
	at org.testng.SuiteRunner.runTest(SuiteRunner.java:433)
	at org.testng.SuiteRunner.runSequentially(SuiteRunner.java:427)
	at org.testng.SuiteRunner.privateRun(SuiteRunner.java:387)
	at org.testng.SuiteRunner.run(SuiteRunner.java:330)
	at org.testng.SuiteRunnerWorker.runSuite(SuiteRunnerWorker.java:52)
	at org.testng.SuiteRunnerWorker.run(SuiteRunnerWorker.java:95)
	at org.testng.TestNG.runSuitesSequentially(TestNG.java:1256)
	at org.testng.TestNG.runSuitesLocally(TestNG.java:1176)
	at org.testng.TestNG.runSuites(TestNG.java:1099)
	at org.testng.TestNG.run(TestNG.java:1067)
	at org.testng.remote.AbstractRemoteTestNG.run(AbstractRemoteTestNG.java:115)
	at org.testng.remote.RemoteTestNG.initAndRun(RemoteTestNG.java:251)
	at org.testng.remote.RemoteTestNG.main(RemoteTestNG.java:77)
</pre></div></td>
<td>10</td>
<td>testScripts.LoginPageTest@692f203f</td></tr>
</table><p>
<table width='100%' border='1' class='invocation-skipped'>
<tr><td colspan='4' align='center'><b>SKIPPED CONFIGURATIONS</b></td></tr>
<tr><td><b>Test method</b></td>
<td><b>Attribute(s)</b></td>
<td width="30%"><b>Exception</b></td>
<td width="10%"><b>Time (seconds)</b></td>
<td><b>Instance</b></td>
</tr>
<tr>
<td title='testScripts.LoginPageTest.clearObjects()'><b>clearObjects</b><br>Test class: testScripts.LoginPageTest</td>
<td></td>
<td>0</td>
<td>testScripts.LoginPageTest@692f203f</td></tr>
<tr>
<td title='testScripts.LoginPageTest.logoutApplication()'><b>logoutApplication</b><br>Test class: testScripts.LoginPageTest</td>
<td></td>
<td>0</td>
<td>testScripts.LoginPageTest@692f203f</td></tr>
<tr>
<td title='testScripts.LoginPageTest.openApplication()'><b>openApplication</b><br>Test class: testScripts.LoginPageTest</td>
<td></td>
<td>0</td>
<td>testScripts.LoginPageTest@692f203f</td></tr>
<tr>
<td title='testScripts.LoginPageTest.closeBrowser()'><b>closeBrowser</b><br>Test class: testScripts.LoginPageTest</td>
<td></td>
<td>0</td>
<td>testScripts.LoginPageTest@692f203f</td></tr>
<tr>
<td title='testScripts.LoginPageTest.cretePOMObjects()'><b>cretePOMObjects</b><br>Test class: testScripts.LoginPageTest</td>
<td></td>
<td>0</td>
<td>testScripts.LoginPageTest@692f203f</td></tr>
<tr>
<td title='testScripts.LoginPageTest.openApplication()'><b>openApplication</b><br>Test class: testScripts.LoginPageTest</td>
<td></td>
<td>0</td>
<td>testScripts.LoginPageTest@692f203f</td></tr>
<tr>
<td title='testScripts.LoginPageTest.logoutApplication()'><b>logoutApplication</b><br>Test class: testScripts.LoginPageTest</td>
<td></td>
<td>0</td>
<td>testScripts.LoginPageTest@692f203f</td></tr>
</table><p>
<table width='100%' border='1' class='invocation-skipped'>
<tr><td colspan='4' align='center'><b>SKIPPED TESTS</b></td></tr>
<tr><td><b>Test method</b></td>
<td><b>Attribute(s)</b></td>
<td width="30%"><b>Exception</b></td>
<td width="10%"><b>Time (seconds)</b></td>
<td><b>Instance</b></td>
</tr>
<tr>
<td title='testScripts.LoginPageTest.verifyLoginbutton()'><b>verifyLoginbutton</b><br>Test class: testScripts.LoginPageTest</td>
<td><div><pre>org.openqa.selenium.SessionNotCreatedException: session not created: This version of Microsoft Edge WebDriver only supports Microsoft Edge version 104
Current browser version is 118.0.2088.61 with binary path C:\Program Files (x86)\Microsoft\Edge\Application\msedge.exe
Build info: version: &apos;3.141.59&apos;, revision: &apos;e82be7d358&apos;, time: &apos;2018-11-14T08:17:03&apos;
System info: host: &apos;DREAMRIDER&apos;, ip: &apos;192.168.43.220&apos;, os.name: &apos;Windows 11&apos;, os.arch: &apos;amd64&apos;, os.version: &apos;10.0&apos;, java.version: &apos;18.0.1.1&apos;
Driver info: driver.version: EdgeDriver
remote stacktrace: Backtrace:
	Microsoft::Applications::Events::EventProperties::unpack [0x00007FF6EF1447D2+26370]
	Microsoft::Applications::Events::GUID_t::GUID_t [0x00007FF6EF099B32+339106]
	Ordinal0 [0x00007FF6EEC27821+620577]
	Ordinal0 [0x00007FF6EEC53B19+801561]
	Ordinal0 [0x00007FF6EEC4F6F0+784112]
	Ordinal0 [0x00007FF6EEC4A8E8+764136]
	Ordinal0 [0x00007FF6EEC84B4F+1002319]
	Ordinal0 [0x00007FF6EEC7F263+979555]
	Ordinal0 [0x00007FF6EEC56070+811120]
	Ordinal0 [0x00007FF6EEC57668+816744]
	Microsoft::Applications::Events::EventProperty::EventProperty [0x00007FF6EEEF2FF8+128088]
	Microsoft::Applications::Events::EventProperty::EventProperty [0x00007FF6EEEDC94B+36267]
	Microsoft::Applications::Events::EventProperty::EventProperty [0x00007FF6EEEDF96C+48588]
	Microsoft::Applications::Events::EventProperty::to_string [0x00007FF6EED34943+22115]
	Microsoft::Applications::Events::GUID_t::GUID_t [0x00007FF6EF0A115B+369355]
	Microsoft::Applications::Events::GUID_t::GUID_t [0x00007FF6EF0A5FF4+389476]
	Microsoft::Applications::Events::GUID_t::GUID_t [0x00007FF6EF0A614D+389821]
	Microsoft::Applications::Events::time_ticks_t::time_ticks_t [0x00007FF6EF0B0BD9+40761]
	BaseThreadInitThunk [0x00007FFE63DD257D+29]
	RtlUserThreadStart [0x00007FFE6524AA78+40]

	at org.openqa.selenium.remote.W3CHandshakeResponse.lambda$errorHandler$0(W3CHandshakeResponse.java:62)
	at org.openqa.selenium.remote.HandshakeResponse.lambda$getResponseFunction$0(HandshakeResponse.java:30)
	at org.openqa.selenium.remote.ProtocolHandshake.lambda$createSession$0(ProtocolHandshake.java:126)
	at java.base/java.util.stream.ReferencePipeline$3$1.accept(ReferencePipeline.java:197)
	at java.base/java.util.Spliterators$ArraySpliterator.tryAdvance(Spliterators.java:1002)
	at java.base/java.util.stream.ReferencePipeline.forEachWithCancel(ReferencePipeline.java:129)
	at java.base/java.util.stream.AbstractPipeline.copyIntoWithCancel(AbstractPipeline.java:527)
	at java.base/java.util.stream.AbstractPipeline.copyInto(AbstractPipeline.java:513)
	at java.base/java.util.stream.AbstractPipeline.wrapAndCopyInto(AbstractPipeline.java:499)
	at java.base/java.util.stream.FindOps$FindOp.evaluateSequential(FindOps.java:150)
	at java.base/java.util.stream.AbstractPipeline.evaluate(AbstractPipeline.java:234)
	at java.base/java.util.stream.ReferencePipeline.findFirst(ReferencePipeline.java:647)
	at org.openqa.selenium.remote.ProtocolHandshake.createSession(ProtocolHandshake.java:128)
	at org.openqa.selenium.remote.ProtocolHandshake.createSession(ProtocolHandshake.java:74)
	at org.openqa.selenium.remote.HttpCommandExecutor.execute(HttpCommandExecutor.java:136)
	at org.openqa.selenium.remote.service.DriverCommandExecutor.execute(DriverCommandExecutor.java:83)
	at org.openqa.selenium.remote.RemoteWebDriver.execute(RemoteWebDriver.java:552)
	at org.openqa.selenium.remote.RemoteWebDriver.startSession(RemoteWebDriver.java:213)
	at org.openqa.selenium.remote.RemoteWebDriver.&lt;init&gt;(RemoteWebDriver.java:131)
	at org.openqa.selenium.edge.EdgeDriver.&lt;init&gt;(EdgeDriver.java:141)
	at org.openqa.selenium.edge.EdgeDriver.&lt;init&gt;(EdgeDriver.java:96)
	at setup.BaseClass.openEdgeBrowser(BaseClass.java:33)
	at testScripts.LoginPageTest.openBrowser(LoginPageTest.java:59)
... Removed 25 stack frames</pre></div><a href='#' onClick='toggleBox("stack-trace904367435", this, "Click to show all stack frames", "Click to hide stack frames")'>Click to show all stack frames</a>
<div class='stack-trace' id='stack-trace904367435'><pre>org.openqa.selenium.SessionNotCreatedException: session not created: This version of Microsoft Edge WebDriver only supports Microsoft Edge version 104
Current browser version is 118.0.2088.61 with binary path C:\Program Files (x86)\Microsoft\Edge\Application\msedge.exe
Build info: version: &apos;3.141.59&apos;, revision: &apos;e82be7d358&apos;, time: &apos;2018-11-14T08:17:03&apos;
System info: host: &apos;DREAMRIDER&apos;, ip: &apos;192.168.43.220&apos;, os.name: &apos;Windows 11&apos;, os.arch: &apos;amd64&apos;, os.version: &apos;10.0&apos;, java.version: &apos;18.0.1.1&apos;
Driver info: driver.version: EdgeDriver
remote stacktrace: Backtrace:
	Microsoft::Applications::Events::EventProperties::unpack [0x00007FF6EF1447D2+26370]
	Microsoft::Applications::Events::GUID_t::GUID_t [0x00007FF6EF099B32+339106]
	Ordinal0 [0x00007FF6EEC27821+620577]
	Ordinal0 [0x00007FF6EEC53B19+801561]
	Ordinal0 [0x00007FF6EEC4F6F0+784112]
	Ordinal0 [0x00007FF6EEC4A8E8+764136]
	Ordinal0 [0x00007FF6EEC84B4F+1002319]
	Ordinal0 [0x00007FF6EEC7F263+979555]
	Ordinal0 [0x00007FF6EEC56070+811120]
	Ordinal0 [0x00007FF6EEC57668+816744]
	Microsoft::Applications::Events::EventProperty::EventProperty [0x00007FF6EEEF2FF8+128088]
	Microsoft::Applications::Events::EventProperty::EventProperty [0x00007FF6EEEDC94B+36267]
	Microsoft::Applications::Events::EventProperty::EventProperty [0x00007FF6EEEDF96C+48588]
	Microsoft::Applications::Events::EventProperty::to_string [0x00007FF6EED34943+22115]
	Microsoft::Applications::Events::GUID_t::GUID_t [0x00007FF6EF0A115B+369355]
	Microsoft::Applications::Events::GUID_t::GUID_t [0x00007FF6EF0A5FF4+389476]
	Microsoft::Applications::Events::GUID_t::GUID_t [0x00007FF6EF0A614D+389821]
	Microsoft::Applications::Events::time_ticks_t::time_ticks_t [0x00007FF6EF0B0BD9+40761]
	BaseThreadInitThunk [0x00007FFE63DD257D+29]
	RtlUserThreadStart [0x00007FFE6524AA78+40]

	at java.base/jdk.internal.reflect.DirectConstructorHandleAccessor.newInstance(DirectConstructorHandleAccessor.java:67)
	at java.base/java.lang.reflect.Constructor.newInstanceWithCaller(Constructor.java:499)
	at java.base/java.lang.reflect.Constructor.newInstance(Constructor.java:483)
	at org.openqa.selenium.remote.W3CHandshakeResponse.lambda$errorHandler$0(W3CHandshakeResponse.java:62)
	at org.openqa.selenium.remote.HandshakeResponse.lambda$getResponseFunction$0(HandshakeResponse.java:30)
	at org.openqa.selenium.remote.ProtocolHandshake.lambda$createSession$0(ProtocolHandshake.java:126)
	at java.base/java.util.stream.ReferencePipeline$3$1.accept(ReferencePipeline.java:197)
	at java.base/java.util.Spliterators$ArraySpliterator.tryAdvance(Spliterators.java:1002)
	at java.base/java.util.stream.ReferencePipeline.forEachWithCancel(ReferencePipeline.java:129)
	at java.base/java.util.stream.AbstractPipeline.copyIntoWithCancel(AbstractPipeline.java:527)
	at java.base/java.util.stream.AbstractPipeline.copyInto(AbstractPipeline.java:513)
	at java.base/java.util.stream.AbstractPipeline.wrapAndCopyInto(AbstractPipeline.java:499)
	at java.base/java.util.stream.FindOps$FindOp.evaluateSequential(FindOps.java:150)
	at java.base/java.util.stream.AbstractPipeline.evaluate(AbstractPipeline.java:234)
	at java.base/java.util.stream.ReferencePipeline.findFirst(ReferencePipeline.java:647)
	at org.openqa.selenium.remote.ProtocolHandshake.createSession(ProtocolHandshake.java:128)
	at org.openqa.selenium.remote.ProtocolHandshake.createSession(ProtocolHandshake.java:74)
	at org.openqa.selenium.remote.HttpCommandExecutor.execute(HttpCommandExecutor.java:136)
	at org.openqa.selenium.remote.service.DriverCommandExecutor.execute(DriverCommandExecutor.java:83)
	at org.openqa.selenium.remote.RemoteWebDriver.execute(RemoteWebDriver.java:552)
	at org.openqa.selenium.remote.RemoteWebDriver.startSession(RemoteWebDriver.java:213)
	at org.openqa.selenium.remote.RemoteWebDriver.&lt;init&gt;(RemoteWebDriver.java:131)
	at org.openqa.selenium.edge.EdgeDriver.&lt;init&gt;(EdgeDriver.java:141)
	at org.openqa.selenium.edge.EdgeDriver.&lt;init&gt;(EdgeDriver.java:96)
	at setup.BaseClass.openEdgeBrowser(BaseClass.java:33)
	at testScripts.LoginPageTest.openBrowser(LoginPageTest.java:59)
	at java.base/jdk.internal.reflect.DirectMethodHandleAccessor.invoke(DirectMethodHandleAccessor.java:104)
	at java.base/java.lang.reflect.Method.invoke(Method.java:577)
	at org.testng.internal.invokers.MethodInvocationHelper.invokeMethod(MethodInvocationHelper.java:139)
	at org.testng.internal.invokers.MethodInvocationHelper.invokeMethodConsideringTimeout(MethodInvocationHelper.java:69)
	at org.testng.internal.invokers.ConfigInvoker.invokeConfigurationMethod(ConfigInvoker.java:361)
	at org.testng.internal.invokers.ConfigInvoker.invokeConfigurations(ConfigInvoker.java:296)
	at org.testng.TestRunner.invokeTestConfigurations(TestRunner.java:643)
	at org.testng.TestRunner.beforeRun(TestRunner.java:632)
	at org.testng.TestRunner.run(TestRunner.java:594)
	at org.testng.SuiteRunner.runTest(SuiteRunner.java:433)
	at org.testng.SuiteRunner.runSequentially(SuiteRunner.java:427)
	at org.testng.SuiteRunner.privateRun(SuiteRunner.java:387)
	at org.testng.SuiteRunner.run(SuiteRunner.java:330)
	at org.testng.SuiteRunnerWorker.runSuite(SuiteRunnerWorker.java:52)
	at org.testng.SuiteRunnerWorker.run(SuiteRunnerWorker.java:95)
	at org.testng.TestNG.runSuitesSequentially(TestNG.java:1256)
	at org.testng.TestNG.runSuitesLocally(TestNG.java:1176)
	at org.testng.TestNG.runSuites(TestNG.java:1099)
	at org.testng.TestNG.run(TestNG.java:1067)
	at org.testng.remote.AbstractRemoteTestNG.run(AbstractRemoteTestNG.java:115)
	at org.testng.remote.RemoteTestNG.initAndRun(RemoteTestNG.java:251)
	at org.testng.remote.RemoteTestNG.main(RemoteTestNG.java:77)
</pre></div></td>
<td>0</td>
<td>testScripts.LoginPageTest@692f203f</td></tr>
<tr>
<td title='testScripts.LoginPageTest.verifyLogo()'><b>verifyLogo</b><br>Test class: testScripts.LoginPageTest</td>
<td><div><pre>org.openqa.selenium.SessionNotCreatedException: session not created: This version of Microsoft Edge WebDriver only supports Microsoft Edge version 104
Current browser version is 118.0.2088.61 with binary path C:\Program Files (x86)\Microsoft\Edge\Application\msedge.exe
Build info: version: &apos;3.141.59&apos;, revision: &apos;e82be7d358&apos;, time: &apos;2018-11-14T08:17:03&apos;
System info: host: &apos;DREAMRIDER&apos;, ip: &apos;192.168.43.220&apos;, os.name: &apos;Windows 11&apos;, os.arch: &apos;amd64&apos;, os.version: &apos;10.0&apos;, java.version: &apos;18.0.1.1&apos;
Driver info: driver.version: EdgeDriver
remote stacktrace: Backtrace:
	Microsoft::Applications::Events::EventProperties::unpack [0x00007FF6EF1447D2+26370]
	Microsoft::Applications::Events::GUID_t::GUID_t [0x00007FF6EF099B32+339106]
	Ordinal0 [0x00007FF6EEC27821+620577]
	Ordinal0 [0x00007FF6EEC53B19+801561]
	Ordinal0 [0x00007FF6EEC4F6F0+784112]
	Ordinal0 [0x00007FF6EEC4A8E8+764136]
	Ordinal0 [0x00007FF6EEC84B4F+1002319]
	Ordinal0 [0x00007FF6EEC7F263+979555]
	Ordinal0 [0x00007FF6EEC56070+811120]
	Ordinal0 [0x00007FF6EEC57668+816744]
	Microsoft::Applications::Events::EventProperty::EventProperty [0x00007FF6EEEF2FF8+128088]
	Microsoft::Applications::Events::EventProperty::EventProperty [0x00007FF6EEEDC94B+36267]
	Microsoft::Applications::Events::EventProperty::EventProperty [0x00007FF6EEEDF96C+48588]
	Microsoft::Applications::Events::EventProperty::to_string [0x00007FF6EED34943+22115]
	Microsoft::Applications::Events::GUID_t::GUID_t [0x00007FF6EF0A115B+369355]
	Microsoft::Applications::Events::GUID_t::GUID_t [0x00007FF6EF0A5FF4+389476]
	Microsoft::Applications::Events::GUID_t::GUID_t [0x00007FF6EF0A614D+389821]
	Microsoft::Applications::Events::time_ticks_t::time_ticks_t [0x00007FF6EF0B0BD9+40761]
	BaseThreadInitThunk [0x00007FFE63DD257D+29]
	RtlUserThreadStart [0x00007FFE6524AA78+40]

	at org.openqa.selenium.remote.W3CHandshakeResponse.lambda$errorHandler$0(W3CHandshakeResponse.java:62)
	at org.openqa.selenium.remote.HandshakeResponse.lambda$getResponseFunction$0(HandshakeResponse.java:30)
	at org.openqa.selenium.remote.ProtocolHandshake.lambda$createSession$0(ProtocolHandshake.java:126)
	at java.base/java.util.stream.ReferencePipeline$3$1.accept(ReferencePipeline.java:197)
	at java.base/java.util.Spliterators$ArraySpliterator.tryAdvance(Spliterators.java:1002)
	at java.base/java.util.stream.ReferencePipeline.forEachWithCancel(ReferencePipeline.java:129)
	at java.base/java.util.stream.AbstractPipeline.copyIntoWithCancel(AbstractPipeline.java:527)
	at java.base/java.util.stream.AbstractPipeline.copyInto(AbstractPipeline.java:513)
	at java.base/java.util.stream.AbstractPipeline.wrapAndCopyInto(AbstractPipeline.java:499)
	at java.base/java.util.stream.FindOps$FindOp.evaluateSequential(FindOps.java:150)
	at java.base/java.util.stream.AbstractPipeline.evaluate(AbstractPipeline.java:234)
	at java.base/java.util.stream.ReferencePipeline.findFirst(ReferencePipeline.java:647)
	at org.openqa.selenium.remote.ProtocolHandshake.createSession(ProtocolHandshake.java:128)
	at org.openqa.selenium.remote.ProtocolHandshake.createSession(ProtocolHandshake.java:74)
	at org.openqa.selenium.remote.HttpCommandExecutor.execute(HttpCommandExecutor.java:136)
	at org.openqa.selenium.remote.service.DriverCommandExecutor.execute(DriverCommandExecutor.java:83)
	at org.openqa.selenium.remote.RemoteWebDriver.execute(RemoteWebDriver.java:552)
	at org.openqa.selenium.remote.RemoteWebDriver.startSession(RemoteWebDriver.java:213)
	at org.openqa.selenium.remote.RemoteWebDriver.&lt;init&gt;(RemoteWebDriver.java:131)
	at org.openqa.selenium.edge.EdgeDriver.&lt;init&gt;(EdgeDriver.java:141)
	at org.openqa.selenium.edge.EdgeDriver.&lt;init&gt;(EdgeDriver.java:96)
	at setup.BaseClass.openEdgeBrowser(BaseClass.java:33)
	at testScripts.LoginPageTest.openBrowser(LoginPageTest.java:59)
... Removed 25 stack frames</pre></div><a href='#' onClick='toggleBox("stack-trace872792571", this, "Click to show all stack frames", "Click to hide stack frames")'>Click to show all stack frames</a>
<div class='stack-trace' id='stack-trace872792571'><pre>org.openqa.selenium.SessionNotCreatedException: session not created: This version of Microsoft Edge WebDriver only supports Microsoft Edge version 104
Current browser version is 118.0.2088.61 with binary path C:\Program Files (x86)\Microsoft\Edge\Application\msedge.exe
Build info: version: &apos;3.141.59&apos;, revision: &apos;e82be7d358&apos;, time: &apos;2018-11-14T08:17:03&apos;
System info: host: &apos;DREAMRIDER&apos;, ip: &apos;192.168.43.220&apos;, os.name: &apos;Windows 11&apos;, os.arch: &apos;amd64&apos;, os.version: &apos;10.0&apos;, java.version: &apos;18.0.1.1&apos;
Driver info: driver.version: EdgeDriver
remote stacktrace: Backtrace:
	Microsoft::Applications::Events::EventProperties::unpack [0x00007FF6EF1447D2+26370]
	Microsoft::Applications::Events::GUID_t::GUID_t [0x00007FF6EF099B32+339106]
	Ordinal0 [0x00007FF6EEC27821+620577]
	Ordinal0 [0x00007FF6EEC53B19+801561]
	Ordinal0 [0x00007FF6EEC4F6F0+784112]
	Ordinal0 [0x00007FF6EEC4A8E8+764136]
	Ordinal0 [0x00007FF6EEC84B4F+1002319]
	Ordinal0 [0x00007FF6EEC7F263+979555]
	Ordinal0 [0x00007FF6EEC56070+811120]
	Ordinal0 [0x00007FF6EEC57668+816744]
	Microsoft::Applications::Events::EventProperty::EventProperty [0x00007FF6EEEF2FF8+128088]
	Microsoft::Applications::Events::EventProperty::EventProperty [0x00007FF6EEEDC94B+36267]
	Microsoft::Applications::Events::EventProperty::EventProperty [0x00007FF6EEEDF96C+48588]
	Microsoft::Applications::Events::EventProperty::to_string [0x00007FF6EED34943+22115]
	Microsoft::Applications::Events::GUID_t::GUID_t [0x00007FF6EF0A115B+369355]
	Microsoft::Applications::Events::GUID_t::GUID_t [0x00007FF6EF0A5FF4+389476]
	Microsoft::Applications::Events::GUID_t::GUID_t [0x00007FF6EF0A614D+389821]
	Microsoft::Applications::Events::time_ticks_t::time_ticks_t [0x00007FF6EF0B0BD9+40761]
	BaseThreadInitThunk [0x00007FFE63DD257D+29]
	RtlUserThreadStart [0x00007FFE6524AA78+40]

	at java.base/jdk.internal.reflect.DirectConstructorHandleAccessor.newInstance(DirectConstructorHandleAccessor.java:67)
	at java.base/java.lang.reflect.Constructor.newInstanceWithCaller(Constructor.java:499)
	at java.base/java.lang.reflect.Constructor.newInstance(Constructor.java:483)
	at org.openqa.selenium.remote.W3CHandshakeResponse.lambda$errorHandler$0(W3CHandshakeResponse.java:62)
	at org.openqa.selenium.remote.HandshakeResponse.lambda$getResponseFunction$0(HandshakeResponse.java:30)
	at org.openqa.selenium.remote.ProtocolHandshake.lambda$createSession$0(ProtocolHandshake.java:126)
	at java.base/java.util.stream.ReferencePipeline$3$1.accept(ReferencePipeline.java:197)
	at java.base/java.util.Spliterators$ArraySpliterator.tryAdvance(Spliterators.java:1002)
	at java.base/java.util.stream.ReferencePipeline.forEachWithCancel(ReferencePipeline.java:129)
	at java.base/java.util.stream.AbstractPipeline.copyIntoWithCancel(AbstractPipeline.java:527)
	at java.base/java.util.stream.AbstractPipeline.copyInto(AbstractPipeline.java:513)
	at java.base/java.util.stream.AbstractPipeline.wrapAndCopyInto(AbstractPipeline.java:499)
	at java.base/java.util.stream.FindOps$FindOp.evaluateSequential(FindOps.java:150)
	at java.base/java.util.stream.AbstractPipeline.evaluate(AbstractPipeline.java:234)
	at java.base/java.util.stream.ReferencePipeline.findFirst(ReferencePipeline.java:647)
	at org.openqa.selenium.remote.ProtocolHandshake.createSession(ProtocolHandshake.java:128)
	at org.openqa.selenium.remote.ProtocolHandshake.createSession(ProtocolHandshake.java:74)
	at org.openqa.selenium.remote.HttpCommandExecutor.execute(HttpCommandExecutor.java:136)
	at org.openqa.selenium.remote.service.DriverCommandExecutor.execute(DriverCommandExecutor.java:83)
	at org.openqa.selenium.remote.RemoteWebDriver.execute(RemoteWebDriver.java:552)
	at org.openqa.selenium.remote.RemoteWebDriver.startSession(RemoteWebDriver.java:213)
	at org.openqa.selenium.remote.RemoteWebDriver.&lt;init&gt;(RemoteWebDriver.java:131)
	at org.openqa.selenium.edge.EdgeDriver.&lt;init&gt;(EdgeDriver.java:141)
	at org.openqa.selenium.edge.EdgeDriver.&lt;init&gt;(EdgeDriver.java:96)
	at setup.BaseClass.openEdgeBrowser(BaseClass.java:33)
	at testScripts.LoginPageTest.openBrowser(LoginPageTest.java:59)
	at java.base/jdk.internal.reflect.DirectMethodHandleAccessor.invoke(DirectMethodHandleAccessor.java:104)
	at java.base/java.lang.reflect.Method.invoke(Method.java:577)
	at org.testng.internal.invokers.MethodInvocationHelper.invokeMethod(MethodInvocationHelper.java:139)
	at org.testng.internal.invokers.MethodInvocationHelper.invokeMethodConsideringTimeout(MethodInvocationHelper.java:69)
	at org.testng.internal.invokers.ConfigInvoker.invokeConfigurationMethod(ConfigInvoker.java:361)
	at org.testng.internal.invokers.ConfigInvoker.invokeConfigurations(ConfigInvoker.java:296)
	at org.testng.TestRunner.invokeTestConfigurations(TestRunner.java:643)
	at org.testng.TestRunner.beforeRun(TestRunner.java:632)
	at org.testng.TestRunner.run(TestRunner.java:594)
	at org.testng.SuiteRunner.runTest(SuiteRunner.java:433)
	at org.testng.SuiteRunner.runSequentially(SuiteRunner.java:427)
	at org.testng.SuiteRunner.privateRun(SuiteRunner.java:387)
	at org.testng.SuiteRunner.run(SuiteRunner.java:330)
	at org.testng.SuiteRunnerWorker.runSuite(SuiteRunnerWorker.java:52)
	at org.testng.SuiteRunnerWorker.run(SuiteRunnerWorker.java:95)
	at org.testng.TestNG.runSuitesSequentially(TestNG.java:1256)
	at org.testng.TestNG.runSuitesLocally(TestNG.java:1176)
	at org.testng.TestNG.runSuites(TestNG.java:1099)
	at org.testng.TestNG.run(TestNG.java:1067)
	at org.testng.remote.AbstractRemoteTestNG.run(AbstractRemoteTestNG.java:115)
	at org.testng.remote.RemoteTestNG.initAndRun(RemoteTestNG.java:251)
	at org.testng.remote.RemoteTestNG.main(RemoteTestNG.java:77)
</pre></div></td>
<td>0</td>
<td>testScripts.LoginPageTest@692f203f</td></tr>
</table><p>
</body>
</html>