<?xml version="1.0" encoding="UTF-8"?>
<!-- Generated by org.testng.reporters.JUnitXMLReporter -->
<testsuite ignored="0" hostname="Dreamrider" failures="0" tests="8" name="EdgeTest" time="1.2" errors="0" timestamp="2022-10-09T12:47:56 IST">
  <testcase classname="testScripts.BookHotelPageTest" name="@BeforeTest openBrowser" time="1.125">
    <failure type="org.openqa.selenium.SessionNotCreatedException" message="session not created: This version of Microsoft Edge WebDriver only supports Microsoft Edge version 104
Current browser version is 106.0.1370.37 with binary path C:\Program Files (x86)\Microsoft\Edge\Application\msedge.exe
Build info: version: &amp;apos;3.141.59&amp;apos;, revision: &amp;apos;e82be7d358&amp;apos;, time: &amp;apos;2018-11-14T08:17:03&amp;apos;
System info: host: &amp;apos;DREAMRIDER&amp;apos;, ip: &amp;apos;192.168.43.220&amp;apos;, os.name: &amp;apos;Windows 11&amp;apos;, os.arch: &amp;apos;amd64&amp;apos;, os.version: &amp;apos;10.0&amp;apos;, java.version: &amp;apos;18.0.1.1&amp;apos;
Driver info: driver.version: EdgeDriver
remote stacktrace: Backtrace:
	Microsoft::Applications::Events::EventProperties::unpack [0x00007FF6AF6A47D2+26370]
	Microsoft::Applications::Events::GUID_t::GUID_t [0x00007FF6AF5F9B32+339106]
	Ordinal0 [0x00007FF6AF187821+620577]
	Ordinal0 [0x00007FF6AF1B3B19+801561]
	Ordinal0 [0x00007FF6AF1AF6F0+784112]
	Ordinal0 [0x00007FF6AF1AA8E8+764136]
	Ordinal0 [0x00007FF6AF1E4B4F+1002319]
	Ordinal0 [0x00007FF6AF1DF263+979555]
	Ordinal0 [0x00007FF6AF1B6070+811120]
	Ordinal0 [0x00007FF6AF1B7668+816744]
	Microsoft::Applications::Events::EventProperty::EventProperty [0x00007FF6AF452FF8+128088]
	Microsoft::Applications::Events::EventProperty::EventProperty [0x00007FF6AF43C94B+36267]
	Microsoft::Applications::Events::EventProperty::EventProperty [0x00007FF6AF43F96C+48588]
	Microsoft::Applications::Events::EventProperty::to_string [0x00007FF6AF294943+22115]
	Microsoft::Applications::Events::GUID_t::GUID_t [0x00007FF6AF60115B+369355]
	Microsoft::Applications::Events::GUID_t::GUID_t [0x00007FF6AF605FF4+389476]
	Microsoft::Applications::Events::GUID_t::GUID_t [0x00007FF6AF60614D+389821]
	Microsoft::Applications::Events::time_ticks_t::time_ticks_t [0x00007FF6AF610BD9+40761]
	BaseThreadInitThunk [0x00007FFDD4EB54E0+16]
	RtlUserThreadStart [0x00007FFDD544485B+43]
">
      <![CDATA[org.openqa.selenium.SessionNotCreatedException: session not created: This version of Microsoft Edge WebDriver only supports Microsoft Edge version 104
Current browser version is 106.0.1370.37 with binary path C:\Program Files (x86)\Microsoft\Edge\Application\msedge.exe
Build info: version: '3.141.59', revision: 'e82be7d358', time: '2018-11-14T08:17:03'
System info: host: 'DREAMRIDER', ip: '192.168.43.220', os.name: 'Windows 11', os.arch: 'amd64', os.version: '10.0', java.version: '18.0.1.1'
Driver info: driver.version: EdgeDriver
remote stacktrace: Backtrace:
Microsoft::Applications::Events::EventProperties::unpack [0x00007FF6AF6A47D2+26370]
Microsoft::Applications::Events::GUID_t::GUID_t [0x00007FF6AF5F9B32+339106]
Ordinal0 [0x00007FF6AF187821+620577]
Ordinal0 [0x00007FF6AF1B3B19+801561]
Ordinal0 [0x00007FF6AF1AF6F0+784112]
Ordinal0 [0x00007FF6AF1AA8E8+764136]
Ordinal0 [0x00007FF6AF1E4B4F+1002319]
Ordinal0 [0x00007FF6AF1DF263+979555]
Ordinal0 [0x00007FF6AF1B6070+811120]
Ordinal0 [0x00007FF6AF1B7668+816744]
Microsoft::Applications::Events::EventProperty::EventProperty [0x00007FF6AF452FF8+128088]
Microsoft::Applications::Events::EventProperty::EventProperty [0x00007FF6AF43C94B+36267]
Microsoft::Applications::Events::EventProperty::EventProperty [0x00007FF6AF43F96C+48588]
Microsoft::Applications::Events::EventProperty::to_string [0x00007FF6AF294943+22115]
Microsoft::Applications::Events::GUID_t::GUID_t [0x00007FF6AF60115B+369355]
Microsoft::Applications::Events::GUID_t::GUID_t [0x00007FF6AF605FF4+389476]
Microsoft::Applications::Events::GUID_t::GUID_t [0x00007FF6AF60614D+389821]
Microsoft::Applications::Events::time_ticks_t::time_ticks_t [0x00007FF6AF610BD9+40761]
BaseThreadInitThunk [0x00007FFDD4EB54E0+16]
RtlUserThreadStart [0x00007FFDD544485B+43]

at org.openqa.selenium.remote.W3CHandshakeResponse.lambda$errorHandler$0(W3CHandshakeResponse.java:62)
at org.openqa.selenium.remote.HandshakeResponse.lambda$getResponseFunction$0(HandshakeResponse.java:30)
at org.openqa.selenium.remote.ProtocolHandshake.lambda$createSession$0(ProtocolHandshake.java:126)
at java.base/java.util.stream.ReferencePipeline$3$1.accept(ReferencePipeline.java:197)
at java.base/java.util.Spliterators$ArraySpliterator.tryAdvance(Spliterators.java:1002)
at java.base/java.util.stream.ReferencePipeline.forEachWithCancel(ReferencePipeline.java:129)
at java.base/java.util.stream.AbstractPipeline.copyIntoWithCancel(AbstractPipeline.java:527)
at java.base/java.util.stream.AbstractPipeline.copyInto(AbstractPipeline.java:513)
at java.base/java.util.stream.AbstractPipeline.wrapAndCopyInto(AbstractPipeline.java:499)
at java.base/java.util.stream.FindOps$FindOp.evaluateSequential(FindOps.java:150)
at java.base/java.util.stream.AbstractPipeline.evaluate(AbstractPipeline.java:234)
at java.base/java.util.stream.ReferencePipeline.findFirst(ReferencePipeline.java:647)
at org.openqa.selenium.remote.ProtocolHandshake.createSession(ProtocolHandshake.java:128)
at org.openqa.selenium.remote.ProtocolHandshake.createSession(ProtocolHandshake.java:74)
at org.openqa.selenium.remote.HttpCommandExecutor.execute(HttpCommandExecutor.java:136)
at org.openqa.selenium.remote.service.DriverCommandExecutor.execute(DriverCommandExecutor.java:83)
at org.openqa.selenium.remote.RemoteWebDriver.execute(RemoteWebDriver.java:552)
at org.openqa.selenium.remote.RemoteWebDriver.startSession(RemoteWebDriver.java:213)
at org.openqa.selenium.remote.RemoteWebDriver.<init>(RemoteWebDriver.java:131)
at org.openqa.selenium.edge.EdgeDriver.<init>(EdgeDriver.java:141)
at org.openqa.selenium.edge.EdgeDriver.<init>(EdgeDriver.java:96)
at setup.BaseClass.openEdgeBrowser(BaseClass.java:28)
at testScripts.BookHotelPageTest.openBrowser(BookHotelPageTest.java:47)
... Removed 25 stack frames]]>
    </failure>
  </testcase> <!-- @BeforeTest openBrowser -->
  <testcase classname="testScripts.LoginPageTest" name="@BeforeTest openBrowser" time="0.0">
    <skipped/>
  </testcase> <!-- @BeforeTest openBrowser -->
  <testcase classname="testScripts.SearchHotelPageTest" name="@BeforeTest openBrowser" time="0.0">
    <skipped/>
  </testcase> <!-- @BeforeTest openBrowser -->
  <testcase classname="testScripts.SelectHotelPageTest" name="@BeforeTest openBrowser" time="0.0">
    <skipped/>
  </testcase> <!-- @BeforeTest openBrowser -->
  <testcase classname="testScripts.SelectHotelPageTest" name="@BeforeClass cretePOMObjects" time="0.0">
    <skipped/>
  </testcase> <!-- @BeforeClass cretePOMObjects -->
  <testcase classname="testScripts.BookHotelPageTest" name="@BeforeClass cretePOMObjects" time="0.0">
    <skipped/>
  </testcase> <!-- @BeforeClass cretePOMObjects -->
  <testcase classname="testScripts.SearchHotelPageTest" name="@BeforeClass cretePOMObjects" time="0.0">
    <skipped/>
  </testcase> <!-- @BeforeClass cretePOMObjects -->
  <testcase classname="testScripts.LoginPageTest" name="@BeforeClass cretePOMObjects" time="0.0">
    <skipped/>
  </testcase> <!-- @BeforeClass cretePOMObjects -->
  <testcase classname="testScripts.BookHotelPageTest" name="@BeforeMethod openApplication" time="0.0">
    <skipped/>
  </testcase> <!-- @BeforeMethod openApplication -->
  <testcase classname="testScripts.LoginPageTest" name="@BeforeMethod openApplication" time="0.0">
    <skipped/>
  </testcase> <!-- @BeforeMethod openApplication -->
  <testcase classname="testScripts.SelectHotelPageTest" name="@BeforeMethod openApplication" time="0.0">
    <skipped/>
  </testcase> <!-- @BeforeMethod openApplication -->
  <testcase classname="testScripts.SearchHotelPageTest" name="@BeforeMethod openApplication" time="0.0">
    <skipped/>
  </testcase> <!-- @BeforeMethod openApplication -->
  <testcase classname="testScripts.BookHotelPageTest" name="@AfterMethod logoutApplication" time="0.0">
    <skipped/>
  </testcase> <!-- @AfterMethod logoutApplication -->
  <testcase classname="testScripts.BookHotelPageTest" name="@BeforeMethod openApplication" time="0.0">
    <skipped/>
  </testcase> <!-- @BeforeMethod openApplication -->
  <testcase classname="testScripts.SearchHotelPageTest" name="@AfterMethod logoutApplication" time="0.0">
    <skipped/>
  </testcase> <!-- @AfterMethod logoutApplication -->
  <testcase classname="testScripts.LoginPageTest" name="@AfterMethod logoutApplication" time="0.0">
    <skipped/>
  </testcase> <!-- @AfterMethod logoutApplication -->
  <testcase classname="testScripts.SelectHotelPageTest" name="@AfterMethod logoutApplication" time="0.0">
    <skipped/>
  </testcase> <!-- @AfterMethod logoutApplication -->
  <testcase classname="testScripts.SearchHotelPageTest" name="@BeforeMethod openApplication" time="0.0">
    <skipped/>
  </testcase> <!-- @BeforeMethod openApplication -->
  <testcase classname="testScripts.LoginPageTest" name="@BeforeMethod openApplication" time="0.0">
    <skipped/>
  </testcase> <!-- @BeforeMethod openApplication -->
  <testcase classname="testScripts.BookHotelPageTest" name="@AfterMethod logoutApplication" time="0.0">
    <skipped/>
  </testcase> <!-- @AfterMethod logoutApplication -->
  <testcase classname="testScripts.SelectHotelPageTest" name="@BeforeMethod openApplication" time="0.0">
    <skipped/>
  </testcase> <!-- @BeforeMethod openApplication -->
  <testcase classname="testScripts.LoginPageTest" name="@AfterMethod logoutApplication" time="0.0">
    <skipped/>
  </testcase> <!-- @AfterMethod logoutApplication -->
  <testcase classname="testScripts.BookHotelPageTest" name="@AfterClass clearObjects" time="0.0">
    <skipped/>
  </testcase> <!-- @AfterClass clearObjects -->
  <testcase classname="testScripts.SearchHotelPageTest" name="@AfterMethod logoutApplication" time="0.0">
    <skipped/>
  </testcase> <!-- @AfterMethod logoutApplication -->
  <testcase classname="testScripts.LoginPageTest" name="@AfterClass clearObjects" time="0.0">
    <skipped/>
  </testcase> <!-- @AfterClass clearObjects -->
  <testcase classname="testScripts.SelectHotelPageTest" name="@AfterMethod logoutApplication" time="0.0">
    <skipped/>
  </testcase> <!-- @AfterMethod logoutApplication -->
  <testcase classname="testScripts.SelectHotelPageTest" name="@AfterClass clearObjects" time="0.0">
    <skipped/>
  </testcase> <!-- @AfterClass clearObjects -->
  <testcase classname="testScripts.SearchHotelPageTest" name="@AfterClass clearObjects" time="0.0">
    <skipped/>
  </testcase> <!-- @AfterClass clearObjects -->
  <testcase classname="testScripts.BookHotelPageTest" name="@AfterTest closeBrowser" time="0.0">
    <skipped/>
  </testcase> <!-- @AfterTest closeBrowser -->
  <testcase classname="testScripts.LoginPageTest" name="@AfterTest closeBrowser" time="0.0">
    <skipped/>
  </testcase> <!-- @AfterTest closeBrowser -->
  <testcase classname="testScripts.SearchHotelPageTest" name="@AfterTest closeBrowser" time="0.0">
    <skipped/>
  </testcase> <!-- @AfterTest closeBrowser -->
  <testcase classname="testScripts.SelectHotelPageTest" name="@AfterTest closeBrowser" time="0.0">
    <skipped/>
  </testcase> <!-- @AfterTest closeBrowser -->
  <testcase classname="testScripts.BookHotelPageTest" name="verifyBookNowButton" time="0.001">
    <skipped/>
  </testcase> <!-- verifyBookNowButton -->
  <testcase classname="testScripts.LoginPageTest" name="verifyLogo" time="0.001">
    <skipped/>
  </testcase> <!-- verifyLogo -->
  <testcase classname="testScripts.SelectHotelPageTest" name="verifyContinewButton" time="0.0">
    <skipped/>
  </testcase> <!-- verifyContinewButton -->
  <testcase classname="testScripts.SearchHotelPageTest" name="verifyResetButton" time="0.0">
    <skipped/>
  </testcase> <!-- verifyResetButton -->
  <testcase classname="testScripts.BookHotelPageTest" name="verifyCancelButton" time="0.0">
    <skipped/>
  </testcase> <!-- verifyCancelButton -->
  <testcase classname="testScripts.LoginPageTest" name="verifyLoginbutton" time="0.0">
    <skipped/>
  </testcase> <!-- verifyLoginbutton -->
  <testcase classname="testScripts.SearchHotelPageTest" name="verifySearchButton" time="0.0">
    <skipped/>
  </testcase> <!-- verifySearchButton -->
  <testcase classname="testScripts.SelectHotelPageTest" name="verifyCancelButton" time="0.0">
    <skipped/>
  </testcase> <!-- verifyCancelButton -->
</testsuite> <!-- EdgeTest -->
