<?xml version="1.0" encoding="UTF-8"?>
<!-- Generated by org.testng.reporters.JUnitXMLReporter -->
<testsuite ignored="1" hostname="Dreamrider" failures="5" tests="5" name="ChromeTest(failed)" time="79.343" errors="0" timestamp="2023-10-25T08:42:03 IST">
  <testcase classname="testScripts.SelectHotelPageTest" name="verifyContinewButton" time="1.372">
    <failure type="java.lang.AssertionError" message="https://adactinhotelapp.com/BookHotel.php expected:&amp;lt;https://adactinhotelapp.com/BookHotel.php&amp;gt; but was:&amp;lt;URL of Book hotel page is wrong&amp;gt;">
      <![CDATA[java.lang.AssertionError: https://adactinhotelapp.com/BookHotel.php expected:<https://adactinhotelapp.com/BookHotel.php> but was:<URL of Book hotel page is wrong>
at testScripts.SelectHotelPageTest.verifyContinewButton(SelectHotelPageTest.java:99)
at java.base/java.util.concurrent.ThreadPoolExecutor.runWorker(ThreadPoolExecutor.java:1136)
at java.base/java.util.concurrent.ThreadPoolExecutor$Worker.run(ThreadPoolExecutor.java:635)
at java.base/java.lang.Thread.run(Thread.java:833)
... Removed 11 stack frames]]>
    </failure>
  </testcase> <!-- verifyContinewButton -->
  <testcase classname="testScripts.SearchHotelPageTest" name="verifySearchButton" time="4.272">
    <failure type="java.lang.AssertionError" message="https://adactinhotelapp.com/SelectHotel.php expected:&amp;lt;https://adactinhotelapp.com/SelectHotel.php&amp;gt; but was:&amp;lt;URL of Select hotel page is wrong&amp;gt;">
      <![CDATA[java.lang.AssertionError: https://adactinhotelapp.com/SelectHotel.php expected:<https://adactinhotelapp.com/SelectHotel.php> but was:<URL of Select hotel page is wrong>
at testScripts.SearchHotelPageTest.verifySearchButton(SearchHotelPageTest.java:91)
at java.base/java.util.concurrent.ThreadPoolExecutor.runWorker(ThreadPoolExecutor.java:1136)
at java.base/java.util.concurrent.ThreadPoolExecutor$Worker.run(ThreadPoolExecutor.java:635)
at java.base/java.lang.Thread.run(Thread.java:833)
... Removed 11 stack frames]]>
    </failure>
  </testcase> <!-- verifySearchButton -->
  <testcase classname="testScripts.SelectHotelPageTest" name="verifyCancelButton" time="0.72">
    <failure type="java.lang.AssertionError" message="https://adactinhotelapp.com/SearchHotel.php expected:&amp;lt;https://adactinhotelapp.com/SearchHotel.php&amp;gt; but was:&amp;lt;URL of Search hotel page is wrong&amp;gt;">
      <![CDATA[java.lang.AssertionError: https://adactinhotelapp.com/SearchHotel.php expected:<https://adactinhotelapp.com/SearchHotel.php> but was:<URL of Search hotel page is wrong>
at testScripts.SelectHotelPageTest.verifyCancelButton(SelectHotelPageTest.java:115)
at java.base/java.util.concurrent.ThreadPoolExecutor.runWorker(ThreadPoolExecutor.java:1136)
at java.base/java.util.concurrent.ThreadPoolExecutor$Worker.run(ThreadPoolExecutor.java:635)
at java.base/java.lang.Thread.run(Thread.java:833)
... Removed 11 stack frames]]>
    </failure>
  </testcase> <!-- verifyCancelButton -->
  <testcase classname="testScripts.BookHotelPageTest" name="verifyBookNowButton" time="6.116">
    <failure type="java.lang.NullPointerException" message="Cannot invoke &amp;quot;org.openqa.selenium.WebElement.getText()&amp;quot; because &amp;quot;pom.BookedItinraryPage.bookingConfTitle&amp;quot; is null">
      <![CDATA[java.lang.NullPointerException: Cannot invoke "org.openqa.selenium.WebElement.getText()" because "pom.BookedItinraryPage.bookingConfTitle" is null
at pom.BookedItinraryPage.bookConfirmText(BookedItinraryPage.java:25)
at testScripts.BookHotelPageTest.verifyBookNowButton(BookHotelPageTest.java:108)
at java.base/java.util.concurrent.ThreadPoolExecutor.runWorker(ThreadPoolExecutor.java:1136)
at java.base/java.util.concurrent.ThreadPoolExecutor$Worker.run(ThreadPoolExecutor.java:635)
at java.base/java.lang.Thread.run(Thread.java:833)
... Removed 10 stack frames]]>
    </failure>
  </testcase> <!-- verifyBookNowButton -->
  <testcase classname="testScripts.BookHotelPageTest" name="verifyCancelButton" time="3.682">
    <failure type="java.lang.AssertionError" message="https://adactinhotelapp.com/SelectHotel.php expected:&amp;lt;https://adactinhotelapp.com/SelectHotel.php&amp;gt; but was:&amp;lt;URL of Select hotel page is wrong&amp;gt;">
      <![CDATA[java.lang.AssertionError: https://adactinhotelapp.com/SelectHotel.php expected:<https://adactinhotelapp.com/SelectHotel.php> but was:<URL of Select hotel page is wrong>
at testScripts.BookHotelPageTest.verifyCancelButton(BookHotelPageTest.java:132)
at java.base/java.util.concurrent.ThreadPoolExecutor.runWorker(ThreadPoolExecutor.java:1136)
at java.base/java.util.concurrent.ThreadPoolExecutor$Worker.run(ThreadPoolExecutor.java:635)
at java.base/java.lang.Thread.run(Thread.java:833)
... Removed 11 stack frames]]>
    </failure>
  </testcase> <!-- verifyCancelButton -->
  <testcase classname="testScripts.SearchHotelPageTest" name="verifyResetButton" time="0.0">
    <ignored/>
  </testcase> <!-- verifyResetButton -->
</testsuite> <!-- ChromeTest(failed) -->
